Start testing: Jun 24 03:52 ¥x¥_¼Ð·Ç®É¶¡
----------------------------------------------------------
1/1 Testing: RunAllTests
1/1 Test: RunAllTests
Command: "C:/Users/z/Desktop/è—¤æ¤…ç’‡/CS351/project0/1402_CS351_Project0/build/Release/twosum_tests.exe"
Directory: C:/Users/z/Desktop/è—¤æ¤…ç’‡/CS351/project0/1402_CS351_Project0/build
"RunAllTests" start time: Jun 24 03:52 ¥x¥_¼Ð·Ç®É¶¡
Output:
----------------------------------------------------------
All tests passed.
<end of output>
Test time =  13.45 sec
----------------------------------------------------------
Test Passed.
"RunAllTests" end time: Jun 24 03:52 ¥x¥_¼Ð·Ç®É¶¡
"RunAllTests" time elapsed: 00:00:13
----------------------------------------------------------

End testing: Jun 24 03:52 ¥x¥_¼Ð·Ç®É¶¡
